[ 50%] Built target kraken_control_node
[ 66%] [32mBuilding CXX object CMakeFiles/sparkmax_control_node.dir/src/sparkmax_controller.cpp.o[0m
[01m[K/workspaces/ANUBIS/anubis_ws/src/motor_control/src/sparkmax_controller.cpp:91:52:[m[K [01;31m[Kerror: [m[Kexpected constructor, destructor, or type conversion at end of input
   91 | RCLCPP_COMPONENTS_REGISTER_NODE(SparkMaxController)
      |                                                    [01;31m[K^[m[K
gmake[2]: *** [CMakeFiles/sparkmax_control_node.dir/build.make:90: CMakeFiles/sparkmax_control_node.dir/src/sparkmax_controller.cpp.o] Error 1
gmake[1]: *** [CMakeFiles/Makefile2:165: CMakeFiles/sparkmax_control_node.dir/all] Error 2
gmake: *** [Makefile:146: all] Error 2
