[0.015s] Invoking command in '/workspaces/ANUBIS/build/motor_control': AMENT_PREFIX_PATH=/workspaces/ANUBIS/install/motor_messages:${AMENT_PREFIX_PATH} CMAKE_PREFIX_PATH=/workspaces/ANUBIS/install/motor_messages:/opt/ros/jazzy/opt/gz_sim_vendor:/opt/ros/jazzy/opt/gz_sensors_vendor:/opt/ros/jazzy/opt/gz_physics_vendor:/opt/ros/jazzy/opt/sdformat_vendor:/opt/ros/jazzy/opt/gz_gui_vendor:/opt/ros/jazzy/opt/gz_transport_vendor:/opt/ros/jazzy/opt/gz_rendering_vendor:/opt/ros/jazzy/opt/gz_plugin_vendor:/opt/ros/jazzy/opt/gz_fuel_tools_vendor:/opt/ros/jazzy/opt/gz_msgs_vendor:/opt/ros/jazzy/opt/gz_common_vendor:/opt/ros/jazzy/opt/gz_math_vendor:/opt/ros/jazzy/opt/gz_utils_vendor:/opt/ros/jazzy/opt/gz_tools_vendor:/opt/ros/jazzy/opt/gz_ogre_next_vendor:/opt/ros/jazzy/opt/gz_dartsim_vendor:/opt/ros/jazzy/opt/gz_cmake_vendor:/opt/ros/jazzy LD_LIBRARY_PATH=/workspaces/ANUBIS/install/motor_messages/lib:/usr/lib/phoenix6:/opt/ros/jazzy/opt/gz_sim_vendor/lib:/opt/ros/jazzy/opt/gz_sensors_vendor/lib:/opt/ros/jazzy/opt/gz_physics_vendor/lib:/opt/ros/jazzy/opt/sdformat_vendor/lib:/opt/ros/jazzy/opt/rviz_ogre_vendor/lib:/opt/ros/jazzy/lib/x86_64-linux-gnu:/opt/ros/jazzy/opt/gz_gui_vendor/lib:/opt/ros/jazzy/opt/gz_transport_vendor/lib:/opt/ros/jazzy/opt/gz_rendering_vendor/lib:/opt/ros/jazzy/opt/gz_plugin_vendor/lib:/opt/ros/jazzy/opt/gz_fuel_tools_vendor/lib:/opt/ros/jazzy/opt/gz_msgs_vendor/lib:/opt/ros/jazzy/opt/gz_common_vendor/lib:/opt/ros/jazzy/opt/gz_math_vendor/lib:/opt/ros/jazzy/opt/gz_utils_vendor/lib:/opt/ros/jazzy/opt/gz_tools_vendor/lib:/opt/ros/jazzy/opt/gz_ogre_next_vendor/lib:/opt/ros/jazzy/opt/gz_dartsim_vendor/lib:/opt/ros/jazzy/opt/gz_cmake_vendor/lib:/opt/ros/jazzy/lib:/usr/lib/phoenix6 PYTHONPATH=/workspaces/ANUBIS/install/motor_messages/lib/python3.12/site-packages:${PYTHONPATH} /usr/bin/cmake --build /workspaces/ANUBIS/build/motor_control -- -j4 -l4
[0.132s] [ 50%] Built target kraken_control_node
[0.141s] [ 66%] [32m[1mLinking CXX executable sparkmax_control_node[0m
[0.703s] /usr/bin/ld: CMakeFiles/sparkmax_control_node.dir/src/sparkmax_controller_executable.cpp.o: in function `std::__detail::_MakeUniq<SparkMax>::__single_object std::make_unique<SparkMax, std::__cxx11::basic_string<char, std::char_traits<char>, std::allocator<char> >&, unsigned char>(std::__cxx11::basic_string<char, std::char_traits<char>, std::allocator<char> >&, unsigned char&&)':
[0.704s] sparkmax_controller_executable.cpp:(.text._ZSt11make_uniqueI8SparkMaxJRNSt7__cxx1112basic_stringIcSt11char_traitsIcESaIcEEEhEENSt8__detail9_MakeUniqIT_E15__single_objectEDpOT0_[_ZSt11make_uniqueI8SparkMaxJRNSt7__cxx1112basic_stringIcSt11char_traitsIcESaIcEEEhEENSt8__detail9_MakeUniqIT_E15__single_objectEDpOT0_]+0x57): undefined reference to `SparkMax::SparkMax(std::__cxx11::basic_string<char, std::char_traits<char>, std::allocator<char> > const&, unsigned char)'
[0.741s] /usr/bin/ld: CMakeFiles/sparkmax_control_node.dir/src/sparkmax_controller.cpp.o: in function `SparkMaxController::control_callback(std::shared_ptr<motor_messages::msg::Command_<std::allocator<void> > >)':
[0.741s] sparkmax_controller.cpp:(.text+0x2b0): undefined reference to `SparkBase::SetDutyCycle(float)'
[0.741s] /usr/bin/ld: sparkmax_controller.cpp:(.text+0x6e4): undefined reference to `SparkBase::SetVelocity(float)'
[0.741s] /usr/bin/ld: sparkmax_controller.cpp:(.text+0xb1a): undefined reference to `SparkBase::SetPosition(float)'
[0.743s] /usr/bin/ld: sparkmax_controller.cpp:(.text+0xf50): undefined reference to `SparkBase::SetCurrent(float)'
[0.743s] /usr/bin/ld: sparkmax_controller.cpp:(.text+0x1323): undefined reference to `SparkBase::SetDutyCycle(float)'
[0.743s] /usr/bin/ld: CMakeFiles/sparkmax_control_node.dir/src/sparkmax_controller.cpp.o: in function `SparkMaxController::publish_status()':
[0.743s] sparkmax_controller.cpp:(.text+0x1992): undefined reference to `SparkBase::GetVelocity() const'
[0.743s] /usr/bin/ld: sparkmax_controller.cpp:(.text+0x19b9): undefined reference to `SparkBase::GetCurrent() const'
[0.744s] /usr/bin/ld: sparkmax_controller.cpp:(.text+0x19e0): undefined reference to `SparkBase::GetPosition() const'
[0.744s] /usr/bin/ld: CMakeFiles/sparkmax_control_node.dir/src/sparkmax_controller.cpp.o: in function `SparkMaxController::publish_health()':
[0.744s] sparkmax_controller.cpp:(.text+0x1d36): undefined reference to `SparkBase::GetCurrent() const'
[0.744s] /usr/bin/ld: sparkmax_controller.cpp:(.text+0x1d5d): undefined reference to `SparkBase::GetTemperature() const'
[0.744s] /usr/bin/ld: sparkmax_controller.cpp:(.text+0x1d84): undefined reference to `SparkBase::GetVoltage() const'
[0.789s] collect2: error: ld returned 1 exit status
[0.790s] gmake[2]: *** [CMakeFiles/sparkmax_control_node.dir/build.make:205: sparkmax_control_node] Error 1
[0.790s] gmake[1]: *** [CMakeFiles/Makefile2:165: CMakeFiles/sparkmax_control_node.dir/all] Error 2
[0.791s] gmake: *** [Makefile:146: all] Error 2
[0.793s] Invoked command in '/workspaces/ANUBIS/build/motor_control' returned '2': AMENT_PREFIX_PATH=/workspaces/ANUBIS/install/motor_messages:${AMENT_PREFIX_PATH} CMAKE_PREFIX_PATH=/workspaces/ANUBIS/install/motor_messages:/opt/ros/jazzy/opt/gz_sim_vendor:/opt/ros/jazzy/opt/gz_sensors_vendor:/opt/ros/jazzy/opt/gz_physics_vendor:/opt/ros/jazzy/opt/sdformat_vendor:/opt/ros/jazzy/opt/gz_gui_vendor:/opt/ros/jazzy/opt/gz_transport_vendor:/opt/ros/jazzy/opt/gz_rendering_vendor:/opt/ros/jazzy/opt/gz_plugin_vendor:/opt/ros/jazzy/opt/gz_fuel_tools_vendor:/opt/ros/jazzy/opt/gz_msgs_vendor:/opt/ros/jazzy/opt/gz_common_vendor:/opt/ros/jazzy/opt/gz_math_vendor:/opt/ros/jazzy/opt/gz_utils_vendor:/opt/ros/jazzy/opt/gz_tools_vendor:/opt/ros/jazzy/opt/gz_ogre_next_vendor:/opt/ros/jazzy/opt/gz_dartsim_vendor:/opt/ros/jazzy/opt/gz_cmake_vendor:/opt/ros/jazzy LD_LIBRARY_PATH=/workspaces/ANUBIS/install/motor_messages/lib:/usr/lib/phoenix6:/opt/ros/jazzy/opt/gz_sim_vendor/lib:/opt/ros/jazzy/opt/gz_sensors_vendor/lib:/opt/ros/jazzy/opt/gz_physics_vendor/lib:/opt/ros/jazzy/opt/sdformat_vendor/lib:/opt/ros/jazzy/opt/rviz_ogre_vendor/lib:/opt/ros/jazzy/lib/x86_64-linux-gnu:/opt/ros/jazzy/opt/gz_gui_vendor/lib:/opt/ros/jazzy/opt/gz_transport_vendor/lib:/opt/ros/jazzy/opt/gz_rendering_vendor/lib:/opt/ros/jazzy/opt/gz_plugin_vendor/lib:/opt/ros/jazzy/opt/gz_fuel_tools_vendor/lib:/opt/ros/jazzy/opt/gz_msgs_vendor/lib:/opt/ros/jazzy/opt/gz_common_vendor/lib:/opt/ros/jazzy/opt/gz_math_vendor/lib:/opt/ros/jazzy/opt/gz_utils_vendor/lib:/opt/ros/jazzy/opt/gz_tools_vendor/lib:/opt/ros/jazzy/opt/gz_ogre_next_vendor/lib:/opt/ros/jazzy/opt/gz_dartsim_vendor/lib:/opt/ros/jazzy/opt/gz_cmake_vendor/lib:/opt/ros/jazzy/lib:/usr/lib/phoenix6 PYTHONPATH=/workspaces/ANUBIS/install/motor_messages/lib/python3.12/site-packages:${PYTHONPATH} /usr/bin/cmake --build /workspaces/ANUBIS/build/motor_control -- -j4 -l4
