[0.025s] Invoking command in '/workspaces/ANUBIS/build/motor_control': AMENT_PREFIX_PATH=/workspaces/ANUBIS/install/motor_messages:${AMENT_PREFIX_PATH} CMAKE_PREFIX_PATH=/workspaces/ANUBIS/install/motor_messages:/opt/ros/jazzy/opt/gz_sim_vendor:/opt/ros/jazzy/opt/gz_sensors_vendor:/opt/ros/jazzy/opt/gz_physics_vendor:/opt/ros/jazzy/opt/sdformat_vendor:/opt/ros/jazzy/opt/gz_gui_vendor:/opt/ros/jazzy/opt/gz_transport_vendor:/opt/ros/jazzy/opt/gz_rendering_vendor:/opt/ros/jazzy/opt/gz_plugin_vendor:/opt/ros/jazzy/opt/gz_fuel_tools_vendor:/opt/ros/jazzy/opt/gz_msgs_vendor:/opt/ros/jazzy/opt/gz_common_vendor:/opt/ros/jazzy/opt/gz_math_vendor:/opt/ros/jazzy/opt/gz_utils_vendor:/opt/ros/jazzy/opt/gz_tools_vendor:/opt/ros/jazzy/opt/gz_ogre_next_vendor:/opt/ros/jazzy/opt/gz_dartsim_vendor:/opt/ros/jazzy/opt/gz_cmake_vendor:/opt/ros/jazzy LD_LIBRARY_PATH=/workspaces/ANUBIS/install/motor_messages/lib:/usr/lib/phoenix6:/opt/ros/jazzy/opt/gz_sim_vendor/lib:/opt/ros/jazzy/opt/gz_sensors_vendor/lib:/opt/ros/jazzy/opt/gz_physics_vendor/lib:/opt/ros/jazzy/opt/sdformat_vendor/lib:/opt/ros/jazzy/opt/rviz_ogre_vendor/lib:/opt/ros/jazzy/lib/x86_64-linux-gnu:/opt/ros/jazzy/opt/gz_gui_vendor/lib:/opt/ros/jazzy/opt/gz_transport_vendor/lib:/opt/ros/jazzy/opt/gz_rendering_vendor/lib:/opt/ros/jazzy/opt/gz_plugin_vendor/lib:/opt/ros/jazzy/opt/gz_fuel_tools_vendor/lib:/opt/ros/jazzy/opt/gz_msgs_vendor/lib:/opt/ros/jazzy/opt/gz_common_vendor/lib:/opt/ros/jazzy/opt/gz_math_vendor/lib:/opt/ros/jazzy/opt/gz_utils_vendor/lib:/opt/ros/jazzy/opt/gz_tools_vendor/lib:/opt/ros/jazzy/opt/gz_ogre_next_vendor/lib:/opt/ros/jazzy/opt/gz_dartsim_vendor/lib:/opt/ros/jazzy/opt/gz_cmake_vendor/lib:/opt/ros/jazzy/lib:/usr/lib/phoenix6 PYTHONPATH=/workspaces/ANUBIS/install/motor_messages/lib/python3.12/site-packages:${PYTHONPATH} /usr/bin/cmake --build /workspaces/ANUBIS/build/motor_control -- -j4 -l4
[0.226s] [ 37%] Built target kraken_control_node
[0.226s] [ 50%] [32mBuilding CXX object CMakeFiles/sparkmax_control_node.dir/src/spark_max.cpp.o[0m
[0.239s] [ 62%] [32mBuilding CXX object CMakeFiles/sparkmax_control_node.dir/src/spark_base.cpp.o[0m
[2.137s] [01m[K/workspaces/ANUBIS/anubis_ws/src/motor_control/src/spark_base.cpp:1423:8:[m[K [01;31m[Kerror: [m[Kâ€˜[01m[KSparkBassparkBasee[m[Kâ€™ has not been declared
[2.138s]  1423 |  float [01;31m[KSparkBassparkBasee[m[K::GetD(uint8_t slot)
[2.138s]       |        [01;31m[K^~~~~~~~~~~~~~~~~~[m[K
[2.146s] [01m[K/workspaces/ANUBIS/anubis_ws/src/motor_control/src/spark_base.cpp:[m[K In function â€˜[01m[Kfloat[01;32m[K GetD[m[K(uint8_t)[m[Kâ€™:
[2.146s] [01m[K/workspaces/ANUBIS/anubis_ws/src/motor_control/src/spark_base.cpp:1425:11:[m[K [01;31m[Kerror: [m[Kâ€˜[01m[KGetPIDParam[m[Kâ€™ was not declared in this scope
[2.146s]  1425 |    return [01;31m[KGetPIDParam[m[K<float>(Parameter::kD_0, slot, "D");
[2.146s]       |           [01;31m[K^~~~~~~~~~~[m[K
[2.146s] [01m[K/workspaces/ANUBIS/anubis_ws/src/motor_control/src/spark_base.cpp:1425:23:[m[K [01;31m[Kerror: [m[Kexpected primary-expression before â€˜[01m[Kfloat[m[Kâ€™
[2.147s]  1425 |    return GetPIDParam<[01;31m[Kfloat[m[K>(Parameter::kD_0, slot, "D");
[2.147s]       |                       [01;31m[K^~~~~[m[K
[2.147s] [01m[K/workspaces/ANUBIS/anubis_ws/src/motor_control/src/spark_base.cpp:1425:23:[m[K [01;31m[Kerror: [m[Kexpected â€˜[01m[K;[m[Kâ€™ before â€˜[01m[Kfloat[m[Kâ€™
[2.147s]  1425 |    return GetPIDParam<[01;31m[Kf[m[K[32m[Kloat[m[K>(Parameter::kD_0, slot, "D");
[2.147s]       |                       [01;31m[K^[m[K[32m[K~~~~[m[K
[2.147s]       |                       [32m[K;[m[K
[2.148s] [01m[K/workspaces/ANUBIS/anubis_ws/src/motor_control/src/spark_base.cpp:1425:28:[m[K [01;31m[Kerror: [m[Kexpected unqualified-id before â€˜[01m[K>[m[Kâ€™ token
[2.152s]  1425 |    return GetPIDParam<float[01;31m[K>[m[K(Parameter::kD_0, slot, "D");
[2.154s]       |                            [01;31m[K^[m[K
[2.154s] [01m[K/workspaces/ANUBIS/anubis_ws/src/motor_control/src/spark_base.cpp:1423:41:[m[K [01;35m[Kwarning: [m[Kunused parameter â€˜[01m[Kslot[m[Kâ€™ [[01;35m[K]8;;https://gcc.gnu.org/onlinedocs/gcc/Warning-Options.html#index-Wunused-parameter-Wunused-parameter]8;;[m[K]
[2.156s]  1423 |  float SparkBassparkBasee::GetD([01;35m[Kuint8_t slot[m[K)
[2.157s]       |                                 [01;35m[K~~~~~~~~^~~~[m[K
[2.508s] gmake[2]: *** [CMakeFiles/sparkmax_control_node.dir/build.make:104: CMakeFiles/sparkmax_control_node.dir/src/spark_base.cpp.o] Error 1
[2.509s] gmake[1]: *** [CMakeFiles/Makefile2:165: CMakeFiles/sparkmax_control_node.dir/all] Error 2
[2.509s] gmake: *** [Makefile:146: all] Error 2
[2.511s] Invoked command in '/workspaces/ANUBIS/build/motor_control' returned '2': AMENT_PREFIX_PATH=/workspaces/ANUBIS/install/motor_messages:${AMENT_PREFIX_PATH} CMAKE_PREFIX_PATH=/workspaces/ANUBIS/install/motor_messages:/opt/ros/jazzy/opt/gz_sim_vendor:/opt/ros/jazzy/opt/gz_sensors_vendor:/opt/ros/jazzy/opt/gz_physics_vendor:/opt/ros/jazzy/opt/sdformat_vendor:/opt/ros/jazzy/opt/gz_gui_vendor:/opt/ros/jazzy/opt/gz_transport_vendor:/opt/ros/jazzy/opt/gz_rendering_vendor:/opt/ros/jazzy/opt/gz_plugin_vendor:/opt/ros/jazzy/opt/gz_fuel_tools_vendor:/opt/ros/jazzy/opt/gz_msgs_vendor:/opt/ros/jazzy/opt/gz_common_vendor:/opt/ros/jazzy/opt/gz_math_vendor:/opt/ros/jazzy/opt/gz_utils_vendor:/opt/ros/jazzy/opt/gz_tools_vendor:/opt/ros/jazzy/opt/gz_ogre_next_vendor:/opt/ros/jazzy/opt/gz_dartsim_vendor:/opt/ros/jazzy/opt/gz_cmake_vendor:/opt/ros/jazzy LD_LIBRARY_PATH=/workspaces/ANUBIS/install/motor_messages/lib:/usr/lib/phoenix6:/opt/ros/jazzy/opt/gz_sim_vendor/lib:/opt/ros/jazzy/opt/gz_sensors_vendor/lib:/opt/ros/jazzy/opt/gz_physics_vendor/lib:/opt/ros/jazzy/opt/sdformat_vendor/lib:/opt/ros/jazzy/opt/rviz_ogre_vendor/lib:/opt/ros/jazzy/lib/x86_64-linux-gnu:/opt/ros/jazzy/opt/gz_gui_vendor/lib:/opt/ros/jazzy/opt/gz_transport_vendor/lib:/opt/ros/jazzy/opt/gz_rendering_vendor/lib:/opt/ros/jazzy/opt/gz_plugin_vendor/lib:/opt/ros/jazzy/opt/gz_fuel_tools_vendor/lib:/opt/ros/jazzy/opt/gz_msgs_vendor/lib:/opt/ros/jazzy/opt/gz_common_vendor/lib:/opt/ros/jazzy/opt/gz_math_vendor/lib:/opt/ros/jazzy/opt/gz_utils_vendor/lib:/opt/ros/jazzy/opt/gz_tools_vendor/lib:/opt/ros/jazzy/opt/gz_ogre_next_vendor/lib:/opt/ros/jazzy/opt/gz_dartsim_vendor/lib:/opt/ros/jazzy/opt/gz_cmake_vendor/lib:/opt/ros/jazzy/lib:/usr/lib/phoenix6 PYTHONPATH=/workspaces/ANUBIS/install/motor_messages/lib/python3.12/site-packages:${PYTHONPATH} /usr/bin/cmake --build /workspaces/ANUBIS/build/motor_control -- -j4 -l4
