[01m[K/workspaces/ANUBIS/anubis_ws/src/motor_control/src/sparkmax_controller.cpp:4:10:[m[K [01;31m[Kfatal error: [m[KSparkBase.hpp: No such file or directory
    4 | #include [01;31m[K"SparkBase.hpp"[m[K
      |          [01;31m[K^~~~~~~~~~~~~~~[m[K
compilation terminated.
gmake[2]: *** [CMakeFiles/sparkmax_control_node.dir/build.make:90: CMakeFiles/sparkmax_control_node.dir/src/sparkmax_controller.cpp.o] Error 1
gmake[1]: *** [CMakeFiles/Makefile2:165: CMakeFiles/sparkmax_control_node.dir/all] Error 2
gmake: *** [Makefile:146: all] Error 2
