[ 37%] Built target kraken_control_node
[ 50%] [32mBuilding CXX object CMakeFiles/sparkmax_control_node.dir/src/spark_base.cpp.o[0m
[01m[K/workspaces/ANUBIS/anubis_ws/src/motor_control/src/spark_base.cpp:1423:8:[m[K [01;31m[Kerror: [m[Kâ€˜[01m[KSparkBassparkBasee[m[Kâ€™ has not been declared
 1423 |  float [01;31m[KSparkBassparkBasee[m[K::GetD(uint8_t slot)
      |        [01;31m[K^~~~~~~~~~~~~~~~~~[m[K
[01m[K/workspaces/ANUBIS/anubis_ws/src/motor_control/src/spark_base.cpp:[m[K In function â€˜[01m[Kfloat[01;32m[K GetD[m[K(uint8_t)[m[Kâ€™:
[01m[K/workspaces/ANUBIS/anubis_ws/src/motor_control/src/spark_base.cpp:1425:11:[m[K [01;31m[Kerror: [m[Kâ€˜[01m[KGetPIDParam[m[Kâ€™ was not declared in this scope
 1425 |    return [01;31m[KGetPIDParam[m[K<float>(Parameter::kD_0, slot, "D");
      |           [01;31m[K^~~~~~~~~~~[m[K
[01m[K/workspaces/ANUBIS/anubis_ws/src/motor_control/src/spark_base.cpp:1425:23:[m[K [01;31m[Kerror: [m[Kexpected primary-expression before â€˜[01m[Kfloat[m[Kâ€™
 1425 |    return GetPIDParam<[01;31m[Kfloat[m[K>(Parameter::kD_0, slot, "D");
      |                       [01;31m[K^~~~~[m[K
[01m[K/workspaces/ANUBIS/anubis_ws/src/motor_control/src/spark_base.cpp:1425:23:[m[K [01;31m[Kerror: [m[Kexpected â€˜[01m[K;[m[Kâ€™ before â€˜[01m[Kfloat[m[Kâ€™
 1425 |    return GetPIDParam<[01;31m[Kf[m[K[32m[Kloat[m[K>(Parameter::kD_0, slot, "D");
      |                       [01;31m[K^[m[K[32m[K~~~~[m[K
      |                       [32m[K;[m[K
[01m[K/workspaces/ANUBIS/anubis_ws/src/motor_control/src/spark_base.cpp:1425:28:[m[K [01;31m[Kerror: [m[Kexpected unqualified-id before â€˜[01m[K>[m[Kâ€™ token
 1425 |    return GetPIDParam<float[01;31m[K>[m[K(Parameter::kD_0, slot, "D");
      |                            [01;31m[K^[m[K
[01m[K/workspaces/ANUBIS/anubis_ws/src/motor_control/src/spark_base.cpp:1423:41:[m[K [01;35m[Kwarning: [m[Kunused parameter â€˜[01m[Kslot[m[Kâ€™ [[01;35m[K]8;;https://gcc.gnu.org/onlinedocs/gcc/Warning-Options.html#index-Wunused-parameter-Wunused-parameter]8;;[m[K]
 1423 |  float SparkBassparkBasee::GetD([01;35m[Kuint8_t slot[m[K)
      |                                 [01;35m[K~~~~~~~~^~~~[m[K
[01m[K/workspaces/ANUBIS/anubis_ws/src/motor_control/src/spark_base.cpp:[m[K At global scope:
[01m[K/workspaces/ANUBIS/anubis_ws/src/motor_control/src/spark_base.cpp:1436:3:[m[K [01;31m[Kerror: [m[Kâ€˜[01m[KsparkBase[m[Kâ€™ does not name a type; did you mean â€˜[01m[KSparkBase[m[Kâ€™?
 1436 |  }[01;31m[KsparkBase[m[K
      |   [01;31m[K^~~~~~~~~[m[K
      |   [32m[KSparkBase[m[K
gmake[2]: *** [CMakeFiles/sparkmax_control_node.dir/build.make:104: CMakeFiles/sparkmax_control_node.dir/src/spark_base.cpp.o] Error 1
gmake[1]: *** [CMakeFiles/Makefile2:165: CMakeFiles/sparkmax_control_node.dir/all] Error 2
gmake: *** [Makefile:146: all] Error 2
